2023-04-22 12:37:26.087  INFO 8756 --- [main] c.d.s.e.EmployeeApiApplication           : Starting EmployeeApiApplication v0.0.1-SNAPSHOT using Java 17.0.2 on DowglasMaia with PID 8756 (D:\projetos\employee-api\target\employee-api-0.0.2.jar started by dowgl in D:\projetos\employee-api\target)
2023-04-22 12:37:26.090  INFO 8756 --- [main] c.d.s.e.EmployeeApiApplication           : No active profile set, falling back to 1 default profile: "default"
2023-04-22 12:37:26.710  INFO 8756 --- [main] .s.d.r.c.RepositoryConfigurationDelegate : Bootstrapping Spring Data JPA repositories in DEFAULT mode.
2023-04-22 12:37:26.752  INFO 8756 --- [main] .s.d.r.c.RepositoryConfigurationDelegate : Finished Spring Data repository scanning in 34 ms. Found 1 JPA repository interfaces.
2023-04-22 12:37:27.344  INFO 8756 --- [main] o.s.b.w.embedded.tomcat.TomcatWebServer  : Tomcat initialized with port(s): 8080 (http)
2023-04-22 12:37:27.353  INFO 8756 --- [main] o.apache.catalina.core.StandardService   : Starting service [Tomcat]
2023-04-22 12:37:27.354  INFO 8756 --- [main] org.apache.catalina.core.StandardEngine  : Starting Servlet engine: [Apache Tomcat/9.0.74]
2023-04-22 12:37:27.416  INFO 8756 --- [main] o.a.c.c.C.[Tomcat].[localhost].[/]       : Initializing Spring embedded WebApplicationContext
2023-04-22 12:37:27.417  INFO 8756 --- [main] w.s.c.ServletWebServerApplicationContext : Root WebApplicationContext: initialization completed in 1284 ms
2023-04-22 12:37:27.570  INFO 8756 --- [main] o.hibernate.jpa.internal.util.LogHelper  : HHH000204: Processing PersistenceUnitInfo [name: default]
2023-04-22 12:37:27.627  INFO 8756 --- [main] org.hibernate.Version                    : HHH000412: Hibernate ORM core version 5.6.15.Final
2023-04-22 12:37:27.758  INFO 8756 --- [main] o.hibernate.annotations.common.Version   : HCANN000001: Hibernate Commons Annotations {5.1.2.Final}
2023-04-22 12:37:27.851  INFO 8756 --- [main] com.zaxxer.hikari.HikariDataSource       : HikariPool-1 - Starting...
2023-04-22 12:37:29.914  INFO 8756 --- [main] com.zaxxer.hikari.HikariDataSource       : HikariPool-1 - Start completed.
2023-04-22 12:37:29.931  INFO 8756 --- [main] org.hibernate.dialect.Dialect            : HHH000400: Using dialect: org.hibernate.dialect.MySQL8Dialect
2023-04-22 12:37:30.314  INFO 8756 --- [main] o.h.e.t.j.p.i.JtaPlatformInitiator       : HHH000490: Using JtaPlatform implementation: [org.hibernate.engine.transaction.jta.platform.internal.NoJtaPlatform]
2023-04-22 12:37:30.321  INFO 8756 --- [main] j.LocalContainerEntityManagerFactoryBean : Initialized JPA EntityManagerFactory for persistence unit 'default'
2023-04-22 12:37:30.652  WARN 8756 --- [main] JpaBaseConfiguration$JpaWebConfiguration : spring.jpa.open-in-view is enabled by default. Therefore, database queries may be performed during view rendering. Explicitly configure spring.jpa.open-in-view to disable this warning
2023-04-22 12:37:31.123  INFO 8756 --- [main] o.s.b.w.embedded.tomcat.TomcatWebServer  : Tomcat started on port(s): 8080 (http) with context path ''
2023-04-22 12:37:31.134  INFO 8756 --- [main] c.d.s.e.EmployeeApiApplication           : Started EmployeeApiApplication in 5.543 seconds (JVM running for 5.946)
2023-04-22 12:37:50.617  INFO 8756 --- [http-nio-8080-exec-1] o.a.c.c.C.[Tomcat].[localhost].[/]       : Initializing Spring DispatcherServlet 'dispatcherServlet'
2023-04-22 12:37:50.618  INFO 8756 --- [http-nio-8080-exec-1] o.s.web.servlet.DispatcherServlet        : Initializing Servlet 'dispatcherServlet'
2023-04-22 12:37:50.619  INFO 8756 --- [http-nio-8080-exec-1] o.s.web.servlet.DispatcherServlet        : Completed initialization in 1 ms
